[2025-09-05 16:38:29] Starting grayscale re-encode in /home/vlad/Projects/sapio-website/public/videos/processed
[2025-09-05 16:38:29] MP4 -> grayscale: alphago-1280.mp4
[2025-09-05 16:38:29] MP4 -> grayscale: andrew_ng-1280.mp4
[2025-09-05 16:38:30] MP4 -> grayscale: digit_neural_net-1280.mp4
[2025-09-05 16:38:30] MP4 -> grayscale: digit_recognition-1280.mp4
[2025-09-05 16:38:31] MP4 -> grayscale: eniac_1-1280.mp4
[2025-09-05 16:38:32] MP4 -> grayscale: eniac_2-1280.mp4
[2025-09-05 16:38:33] MP4 -> grayscale: face_detection-1280.mp4
[2025-09-05 16:38:33] MP4 -> grayscale: gpt_agent-1280.mp4
[2025-09-05 16:38:34] MP4 -> grayscale: retro_software_development-1280.mp4
[2025-09-05 16:38:34] MP4 -> grayscale: tesla_1-1280.mp4
[2025-09-05 16:38:35] MP4 -> grayscale: tesla_2-1280.mp4
[2025-09-05 16:38:35] MP4 -> grayscale: traffic_detection-1280.mp4
[2025-09-05 16:38:36] MP4 -> grayscale: turing_machine-1280.mp4
[2025-09-05 16:38:37] MP4 -> grayscale: writing_and_robot-1280.mp4
[2025-09-05 16:38:38] WebM -> grayscale: alphago-1280.webm
[2025-09-05 16:38:39] WebM -> grayscale: andrew_ng-1280.webm
[2025-09-05 16:38:42] WebM -> grayscale: digit_neural_net-1280.webm
[2025-09-05 16:38:43] WebM -> grayscale: digit_recognition-1280.webm
[2025-09-05 16:38:46] WebM -> grayscale: eniac_1-1280.webm
[2025-09-05 16:38:49] WebM -> grayscale: eniac_2-1280.webm
[2025-09-05 16:38:51] WebM -> grayscale: face_detection-1280.webm
[2025-09-05 16:38:53] WebM -> grayscale: gpt_agent-1280.webm
[2025-09-05 16:38:56] WebM -> grayscale: retro_software_development-1280.webm
[2025-09-05 16:38:59] WebM -> grayscale: tesla_1-1280.webm
[2025-09-05 16:39:01] WebM -> grayscale: tesla_2-1280.webm
[2025-09-05 16:39:02] WebM -> grayscale: traffic_detection-1280.webm
[2025-09-05 16:39:05] WebM -> grayscale: turing_machine-1280.webm
[2025-09-05 16:39:08] WebM -> grayscale: writing_and_robot-1280.webm
[2025-09-05 16:39:12] Poster -> grayscale: alphago-poster.jpg
[2025-09-05 16:39:12] Poster -> grayscale: andrew_ng-poster.jpg
[2025-09-05 16:39:12] Poster -> grayscale: digit_neural_net-poster.jpg
[2025-09-05 16:39:12] Poster -> grayscale: digit_recognition-poster.jpg
[2025-09-05 16:39:12] Poster -> grayscale: eniac_1-poster.jpg
[2025-09-05 16:39:12] Poster -> grayscale: eniac_2-poster.jpg
[2025-09-05 16:39:12] Poster -> grayscale: face_detection-poster.jpg
[2025-09-05 16:39:13] Poster -> grayscale: gpt_agent-poster.jpg
[2025-09-05 16:39:13] Poster -> grayscale: retro_software_development-poster.jpg
[2025-09-05 16:39:13] Poster -> grayscale: tesla_1-poster.jpg
[2025-09-05 16:39:13] Poster -> grayscale: tesla_2-poster.jpg
[2025-09-05 16:39:13] Poster -> grayscale: traffic_detection-poster.jpg
[2025-09-05 16:39:13] Poster -> grayscale: turing_machine-poster.jpg
[2025-09-05 16:39:13] Poster -> grayscale: writing_and_robot-poster.jpg
[2025-09-05 16:39:13] Completed grayscale re-encode
